<?xml version="1.0" encoding="UTF-8"?>
<!-- Generated by org.testng.reporters.JUnitReportReporter -->
<testsuite hostname="Rajesh-PC" name="Testng.Links" tests="1" failures="0" timestamp="23 Jul 2020 06:15:53 GMT" time="27.968" errors="0">
  <testcase name="Three" time="27.968" classname="Testng.Links"/>
</testsuite> <!-- Testng.Links -->
