<?xml version="1.0" encoding="UTF-8"?>
<!-- Generated by org.testng.reporters.JUnitReportReporter -->
<testsuite hostname="Rajesh-PC" name="Testng.One" tests="2" failures="0" timestamp="23 Jul 2020 06:15:53 GMT" time="0.006" errors="0">
  <testcase name="MethodOne" time="0.001" classname="Testng.One"/>
  <testcase name="MethodTwo" time="0.005" classname="Testng.One"/>
</testsuite> <!-- Testng.One -->
