<?xml version="1.0" encoding="UTF-8"?>
<!-- Generated by org.testng.reporters.JUnitReportReporter -->
<testsuite hostname="Rajesh-PC" name="Testng.Two" tests="4" failures="0" timestamp="23 Jul 2020 06:15:53 GMT" time="0.006" errors="0">
  <testcase name="A" time="0.001" classname="Testng.Two"/>
  <testcase name="SmokeTest1" time="0.002" classname="Testng.Two"/>
  <testcase name="SmokeTest2" time="0.001" classname="Testng.Two"/>
  <testcase name="DependOn" time="0.002" classname="Testng.Two"/>
</testsuite> <!-- Testng.Two -->
