<?xml version="1.0" encoding="UTF-8"?>
<!-- Generated by org.testng.reporters.JUnitReportReporter -->
<testsuite hostname="Rajesh-PC" name="scripts.WithOutSystemDotSetProperty" tests="1" failures="0" timestamp="21 Jun 2020 14:38:35 GMT" time="3.850" errors="0">
  <testcase name="Browser" time="3.850" classname="scripts.WithOutSystemDotSetProperty"/>
</testsuite> <!-- scripts.WithOutSystemDotSetProperty -->
